<?xml version="1.0" encoding="UTF-8" ?>
<testsuites>
  <testsuite errors="0" failures="0" hostname="ANTARES-LY" id="0" name="WmTestSuite [FibonachiTest]" package="com.wm.ps.test" skipped="0" tests="2" time="0.05" timestamp="2020-10-29T16:51:41">
      <properties>
[...]
</properties>

      <testcase classname="com.wm.ps.test.WmTestCase" name="Straigt Case" time="0.026" />

      <testcase classname="com.wm.ps.test.WmTestCase" name="TestException" time="0.018" />

      <system-out><![CDATA[]]></system-out>

      <system-err><![CDATA[]]></system-err>

  </testsuite>
</testsuites>
